
*****************************
Problem I
*****************************

sno         sname     
----------  ----------
S07         Thomas    

*****************************
Problem II
*****************************

pno         pennies   
----------  ----------
P01         13        
P02         25        
P03         9         
P04         10        
P07         11        
P08         13        
P09         1         
P11         1         

*****************************
Problem III
*****************************

sno         pno         dueDate   
----------  ----------  ----------
S05         P11         1990-05-17
S04         P02         1990-05-03

*****************************
Problem IV
*****************************

qty         sname     
----------  ----------
200         Smith     
200         Smith     
200         Blake     
400         Clark     
150         Garcia    

*****************************
Problem V
*****************************

city      
----------
Athens    
Dallas    
Houston   
New York  
Rome      
