
*****************************
Problem I
*****************************

city      
----------
Athens    
Austin    
Dallas    
El Paso   
Houston   
London    
New York  
Paris     
Rome      

*****************************
Problem II
*****************************

sno         pno       
----------  ----------
S01         P12       
S01         P06       
S01         P05       
S01         P04       
S01         P03       
S01         P02       
S01         P01       
S02         P02       
S02         P01       
S03         P02       
S04         P05       
S04         P04       
S04         P02       
S05         P11       
S05         P09       
S05         P01       
S06         P12       
S06         P02       
S08         P11       
S08         P08       
S09         P12       
S09         P10       
S09         P07       
S09         P04       
S09         P03       
S09         P01       

*****************************
Problem III
*****************************

city      
----------
Athens    
Austin    

*****************************
Problem IV
*****************************

StatusAverage     StatusMax   StatusMinimum
----------------  ----------  -------------
24.4444444444444  50          10           

*****************************
Problem V
*****************************

sum(qty)  
----------
6075      

*****************************
Problem VI
*****************************

statusCount
-----------
6          

*****************************
Problem VII
*****************************

color       count(color)
----------  ------------
Black       1           
Blue        3           
Gold        1           
Green       1           
Red         3           
Silver      2           
White       1           

*****************************
Problem VIII
*****************************

pno         count(distinct qty)  sum(distinct qty)
----------  -------------------  -----------------
P12         3                    1075             
P11         2                    570              
P10         1                    100              
P09         1                    150              
P08         1                    180              
P07         1                    300              
P06         1                    100              
P05         2                    500              
P04         3                    600              
P03         2                    600              
P02         3                    750              
P01         3                    450              

*****************************
Problem IX
*****************************

pno         count(distinct qty)  sum(distinct qty)
----------  -------------------  -----------------
P12         1                    825              

*****************************
Problem X
*****************************

sno         sname     
----------  ----------
S01         Smith     
S02         Jones     
S03         Blake     
S04         Clark     
S05         Adams     
S06         Garcia    
S08         Jonas     
S09         Zeeman    
